<?xml version="1.0" encoding="UTF-8"?>
<!-- Generated by org.testng.reporters.JUnitReportReporter -->
<testsuite skipped="0" hostname="DESKTOP-9RRA1UP" name="com.testng.Parameter_passing" tests="1" failures="0" timestamp="2022-04-08T16:04:31 IST" time="0.015" errors="0">
  <testcase name="credential" time="0.015" classname="com.testng.Parameter_passing"/>
  <system-out/>
</testsuite> <!-- com.testng.Parameter_passing -->
