<?xml version="1.0" encoding="UTF-8"?>
<!-- Generated by org.testng.reporters.JUnitReportReporter -->
<testsuite skipped="0" hostname="DESKTOP-9RRA1UP" name="com.testng.Groups" tests="9" failures="0" timestamp="2022-04-02T23:20:48 IST" time="0.030" errors="0">
  <testcase name="telegram" time="0.000" classname="com.testng.Groups"/>
  <system-out/>
  <testcase name="insta" time="0.010" classname="com.testng.Groups"/>
  <system-out/>
  <testcase name="facebook" time="0.010" classname="com.testng.Groups"/>
  <system-out/>
  <testcase name="mathsbook" time="0.000" classname="com.testng.Groups"/>
  <system-out/>
  <testcase name="cricket" time="0.010" classname="com.testng.Groups"/>
  <system-out/>
  <testcase name="englishbook" time="0.000" classname="com.testng.Groups"/>
  <system-out/>
  <testcase name="sciencebook" time="0.000" classname="com.testng.Groups"/>
  <system-out/>
  <testcase name="volleyball" time="0.000" classname="com.testng.Groups"/>
  <system-out/>
  <testcase name="football" time="0.000" classname="com.testng.Groups"/>
  <system-out/>
</testsuite> <!-- com.testng.Groups -->
