<?xml version="1.0" encoding="UTF-8"?>
<!-- Generated by org.testng.reporters.JUnitReportReporter -->
<testsuite skipped="0" hostname="DESKTOP-9RRA1UP" name="com.testng.Dependsonmethod" tests="3" failures="0" timestamp="2022-04-03T03:43:09 IST" time="0.009" errors="0">
  <testcase name="adioffer" time="0.000" classname="com.testng.Dependsonmethod"/>
  <system-out/>
  <testcase name="laptop" time="0.009" classname="com.testng.Dependsonmethod"/>
  <system-out/>
  <testcase name="mobiles" time="0.000" classname="com.testng.Dependsonmethod"/>
  <system-out/>
</testsuite> <!-- com.testng.Dependsonmethod -->
