<?xml version="1.0" encoding="UTF-8"?>
<!-- Generated by org.testng.reporters.JUnitReportReporter -->
<testsuite skipped="1" hostname="DESKTOP-9RRA1UP" name="com.testng.Simple_annotation" tests="2" failures="0" timestamp="2022-04-02T20:51:18 IST" time="0.010" errors="0">
  <testcase name="amazon" time="0.010" classname="com.testng.Simple_annotation"/>
  <system-out/>
  <testcase name="flikart" classname="com.testng.Simple_annotation">
    <skipped/>
  </testcase> <!-- flikart -->
  <system-out/>
</testsuite> <!-- com.testng.Simple_annotation -->
