<?xml version="1.0" encoding="UTF-8"?>
<!-- Generated by org.testng.reporters.JUnitReportReporter -->
<testsuite skipped="0" hostname="DESKTOP-9RRA1UP" name="com.testng.Timeout" tests="2" failures="0" timestamp="2022-04-03T04:06:48 IST" time="5.050" errors="0">
  <testcase name="zeroerror" time="0.000" classname="com.testng.Timeout"/>
  <system-out/>
  <testcase name="credential" time="5.050" classname="com.testng.Timeout"/>
  <system-out/>
</testsuite> <!-- com.testng.Timeout -->
